!SESSION 2023-03-04 18:52:43.212 -----------------------------------------------
eclipse.buildId=unknown
java.fullversion=8.0.5.41 - pwa6480sr5fp41-20190919_01(SR5 FP41)
JRE 1.8.0 Windows 10 amd64-64-Bit Compressed References 20190911_427071 (JIT enabled, AOT enabled)
OpenJ9   - d581d49
OMR      - ca4db84
IBM      - 5cfdf9c
BootLoader constants: OS=win32, ARCH=x86_64, WS=win32, NL=it_IT
Command-line arguments:  -clean -nl it_IT -configuration C:\Users\Davide Montagno B\Documents\GitHub\MasterThesis\src\opl\.metadata\workspace_oplrun

!ENTRY ilog.odms.ide.opllang.remote 1 0 2023-03-04 18:52:43.219
!MESSAGE Run Configuration1 in C:/Users/Davide Montagno B/Documents/GitHub/MasterThesis/src/opl/Test
!SESSION 2023-03-04 18:52:57.503 -----------------------------------------------
eclipse.buildId=unknown
java.fullversion=8.0.5.41 - pwa6480sr5fp41-20190919_01(SR5 FP41)
JRE 1.8.0 Windows 10 amd64-64-Bit Compressed References 20190911_427071 (JIT enabled, AOT enabled)
OpenJ9   - d581d49
OMR      - ca4db84
IBM      - 5cfdf9c
BootLoader constants: OS=win32, ARCH=x86_64, WS=win32, NL=it_IT
Command-line arguments:  -clean -nl it_IT -configuration C:\Users\Davide Montagno B\Documents\GitHub\MasterThesis\src\opl\.metadata\workspace_oplrun

!ENTRY ilog.odms.ide.opllang.remote 1 0 2023-03-04 18:52:57.512
!MESSAGE Run Configuration1 in C:/Users/Davide Montagno B/Documents/GitHub/MasterThesis/src/opl/Test
!SESSION 2023-03-04 18:53:22.181 -----------------------------------------------
eclipse.buildId=unknown
java.fullversion=8.0.5.41 - pwa6480sr5fp41-20190919_01(SR5 FP41)
JRE 1.8.0 Windows 10 amd64-64-Bit Compressed References 20190911_427071 (JIT enabled, AOT enabled)
OpenJ9   - d581d49
OMR      - ca4db84
IBM      - 5cfdf9c
BootLoader constants: OS=win32, ARCH=x86_64, WS=win32, NL=it_IT
Command-line arguments:  -clean -nl it_IT -configuration C:\Users\Davide Montagno B\Documents\GitHub\MasterThesis\src\opl\.metadata\workspace_oplrun

!ENTRY ilog.odms.ide.opllang.remote 1 0 2023-03-04 18:53:22.188
!MESSAGE Run Configuration1 in C:/Users/Davide Montagno B/Documents/GitHub/MasterThesis/src/opl/Test
!SESSION 2023-03-04 19:36:56.385 -----------------------------------------------
eclipse.buildId=unknown
java.fullversion=8.0.5.41 - pwa6480sr5fp41-20190919_01(SR5 FP41)
JRE 1.8.0 Windows 10 amd64-64-Bit Compressed References 20190911_427071 (JIT enabled, AOT enabled)
OpenJ9   - d581d49
OMR      - ca4db84
IBM      - 5cfdf9c
BootLoader constants: OS=win32, ARCH=x86_64, WS=win32, NL=it_IT
Command-line arguments:  -clean -nl it_IT -configuration C:\Users\Davide Montagno B\Documents\GitHub\MasterThesis\src\opl\.metadata\workspace_oplrun

!ENTRY ilog.odms.ide.opllang.remote 1 0 2023-03-04 19:36:56.392
!MESSAGE Run Configuration1 in C:/Users/Davide Montagno B/Documents/GitHub/MasterThesis/src/opl/Test
!SESSION 2023-03-04 19:36:59.890 -----------------------------------------------
eclipse.buildId=unknown
java.fullversion=8.0.5.41 - pwa6480sr5fp41-20190919_01(SR5 FP41)
JRE 1.8.0 Windows 10 amd64-64-Bit Compressed References 20190911_427071 (JIT enabled, AOT enabled)
OpenJ9   - d581d49
OMR      - ca4db84
IBM      - 5cfdf9c
BootLoader constants: OS=win32, ARCH=x86_64, WS=win32, NL=it_IT
Command-line arguments:  -clean -nl it_IT -configuration C:\Users\Davide Montagno B\Documents\GitHub\MasterThesis\src\opl\.metadata\workspace_oplrun

!ENTRY ilog.odms.ide.opllang.remote 1 0 2023-03-04 19:36:59.898
!MESSAGE Run Configuration1 in C:/Users/Davide Montagno B/Documents/GitHub/MasterThesis/src/opl/Test
!SESSION 2023-03-04 19:37:19.860 -----------------------------------------------
eclipse.buildId=unknown
java.fullversion=8.0.5.41 - pwa6480sr5fp41-20190919_01(SR5 FP41)
JRE 1.8.0 Windows 10 amd64-64-Bit Compressed References 20190911_427071 (JIT enabled, AOT enabled)
OpenJ9   - d581d49
OMR      - ca4db84
IBM      - 5cfdf9c
BootLoader constants: OS=win32, ARCH=x86_64, WS=win32, NL=it_IT
Command-line arguments:  -clean -nl it_IT -configuration C:\Users\Davide Montagno B\Documents\GitHub\MasterThesis\src\opl\.metadata\workspace_oplrun

!ENTRY ilog.odms.ide.opllang.remote 1 0 2023-03-04 19:37:19.868
!MESSAGE Run Configuration1 in C:/Users/Davide Montagno B/Documents/GitHub/MasterThesis/src/opl/Test
!SESSION 2023-03-06 19:19:34.712 -----------------------------------------------
eclipse.buildId=unknown
java.fullversion=8.0.5.41 - pwa6480sr5fp41-20190919_01(SR5 FP41)
JRE 1.8.0 Windows 10 amd64-64-Bit Compressed References 20190911_427071 (JIT enabled, AOT enabled)
OpenJ9   - d581d49
OMR      - ca4db84
IBM      - 5cfdf9c
BootLoader constants: OS=win32, ARCH=x86_64, WS=win32, NL=it_IT
Command-line arguments:  -clean -nl it_IT -configuration C:\Users\Davide Montagno B\Documents\GitHub\MasterThesis\src\opl\.metadata\workspace_oplrun

!ENTRY ilog.odms.ide.opllang.remote 1 0 2023-03-06 19:19:34.712
!MESSAGE Run Configuration1 in C:/Users/Davide Montagno B/Documents/GitHub/MasterThesis/src/opl/Test
!SESSION 2023-03-06 19:24:24.970 -----------------------------------------------
eclipse.buildId=unknown
java.fullversion=8.0.5.41 - pwa6480sr5fp41-20190919_01(SR5 FP41)
JRE 1.8.0 Windows 10 amd64-64-Bit Compressed References 20190911_427071 (JIT enabled, AOT enabled)
OpenJ9   - d581d49
OMR      - ca4db84
IBM      - 5cfdf9c
BootLoader constants: OS=win32, ARCH=x86_64, WS=win32, NL=it_IT
Command-line arguments:  -clean -nl it_IT -configuration C:\Users\Davide Montagno B\Documents\GitHub\MasterThesis\src\opl\.metadata\workspace_oplrun

!ENTRY ilog.odms.ide.opllang.remote 1 0 2023-03-06 19:24:24.970
!MESSAGE Run Configuration1 in C:/Users/Davide Montagno B/Documents/GitHub/MasterThesis/src/opl/Test
!SESSION 2023-03-26 18:50:42.621 -----------------------------------------------
eclipse.buildId=unknown
java.fullversion=8.0.5.41 - pwa6480sr5fp41-20190919_01(SR5 FP41)
JRE 1.8.0 Windows 10 amd64-64-Bit Compressed References 20190911_427071 (JIT enabled, AOT enabled)
OpenJ9   - d581d49
OMR      - ca4db84
IBM      - 5cfdf9c
BootLoader constants: OS=win32, ARCH=x86_64, WS=win32, NL=it_IT
Command-line arguments:  -clean -nl it_IT -configuration C:\Users\Davide Montagno B\Documents\GitHub\MasterThesis\src\opl\.metadata\workspace_oplrun

!ENTRY ilog.odms.ide.opllang.remote 1 0 2023-03-26 18:50:42.621
!MESSAGE Run Configuration1 in C:/Users/Davide Montagno B/Documents/GitHub/MasterThesis/src/opl/Test
!SESSION 2023-03-26 18:53:20.457 -----------------------------------------------
eclipse.buildId=unknown
java.fullversion=8.0.5.41 - pwa6480sr5fp41-20190919_01(SR5 FP41)
JRE 1.8.0 Windows 10 amd64-64-Bit Compressed References 20190911_427071 (JIT enabled, AOT enabled)
OpenJ9   - d581d49
OMR      - ca4db84
IBM      - 5cfdf9c
BootLoader constants: OS=win32, ARCH=x86_64, WS=win32, NL=it_IT
Command-line arguments:  -clean -nl it_IT -configuration C:\Users\Davide Montagno B\Documents\GitHub\MasterThesis\src\opl\.metadata\workspace_oplrun

!ENTRY ilog.odms.ide.opllang.remote 1 0 2023-03-26 18:53:20.457
!MESSAGE Run Configuration1 in C:/Users/Davide Montagno B/Documents/GitHub/MasterThesis/src/opl/Test
!SESSION 2023-03-26 18:54:40.121 -----------------------------------------------
eclipse.buildId=unknown
java.fullversion=8.0.5.41 - pwa6480sr5fp41-20190919_01(SR5 FP41)
JRE 1.8.0 Windows 10 amd64-64-Bit Compressed References 20190911_427071 (JIT enabled, AOT enabled)
OpenJ9   - d581d49
OMR      - ca4db84
IBM      - 5cfdf9c
BootLoader constants: OS=win32, ARCH=x86_64, WS=win32, NL=it_IT
Command-line arguments:  -clean -nl it_IT -configuration C:\Users\Davide Montagno B\Documents\GitHub\MasterThesis\src\opl\.metadata\workspace_oplrun

!ENTRY ilog.odms.ide.opllang.remote 1 0 2023-03-26 18:54:40.135
!MESSAGE Run Configuration1 in C:/Users/Davide Montagno B/Documents/GitHub/MasterThesis/src/opl/Test
!SESSION 2023-03-26 18:55:26.112 -----------------------------------------------
eclipse.buildId=unknown
java.fullversion=8.0.5.41 - pwa6480sr5fp41-20190919_01(SR5 FP41)
JRE 1.8.0 Windows 10 amd64-64-Bit Compressed References 20190911_427071 (JIT enabled, AOT enabled)
OpenJ9   - d581d49
OMR      - ca4db84
IBM      - 5cfdf9c
BootLoader constants: OS=win32, ARCH=x86_64, WS=win32, NL=it_IT
Command-line arguments:  -clean -nl it_IT -configuration C:\Users\Davide Montagno B\Documents\GitHub\MasterThesis\src\opl\.metadata\workspace_oplrun

!ENTRY ilog.odms.ide.opllang.remote 1 0 2023-03-26 18:55:26.112
!MESSAGE Run Configuration1 in C:/Users/Davide Montagno B/Documents/GitHub/MasterThesis/src/opl/Test
!SESSION 2023-03-26 18:55:50.358 -----------------------------------------------
eclipse.buildId=unknown
java.fullversion=8.0.5.41 - pwa6480sr5fp41-20190919_01(SR5 FP41)
JRE 1.8.0 Windows 10 amd64-64-Bit Compressed References 20190911_427071 (JIT enabled, AOT enabled)
OpenJ9   - d581d49
OMR      - ca4db84
IBM      - 5cfdf9c
BootLoader constants: OS=win32, ARCH=x86_64, WS=win32, NL=it_IT
Command-line arguments:  -clean -nl it_IT -configuration C:\Users\Davide Montagno B\Documents\GitHub\MasterThesis\src\opl\.metadata\workspace_oplrun

!ENTRY ilog.odms.ide.opllang.remote 1 0 2023-03-26 18:55:50.374
!MESSAGE Run Configuration1 in C:/Users/Davide Montagno B/Documents/GitHub/MasterThesis/src/opl/Test
!SESSION 2023-04-05 00:12:43.874 -----------------------------------------------
eclipse.buildId=unknown
java.fullversion=8.0.5.41 - pwa6480sr5fp41-20190919_01(SR5 FP41)
JRE 1.8.0 Windows 10 amd64-64-Bit Compressed References 20190911_427071 (JIT enabled, AOT enabled)
OpenJ9   - d581d49
OMR      - ca4db84
IBM      - 5cfdf9c
BootLoader constants: OS=win32, ARCH=x86_64, WS=win32, NL=it_IT
Command-line arguments:  -clean -nl it_IT -configuration C:\Users\Davide Montagno B\Documents\GitHub\MasterThesis\src\opl\.metadata\workspace_oplrun

!ENTRY ilog.odms.ide.opllang.remote 1 0 2023-04-05 00:12:43.889
!MESSAGE Run Configuration1 in C:/Users/Davide Montagno B/Documents/GitHub/MasterThesis/src/opl/Test
